<?xml version="1.0" encoding="UTF-8"?>
<testng-results ignored="0" total="1" passed="1" failed="0" skipped="0">
  <reporter-output>
  </reporter-output>
  <suite started-at="2022-10-20T10:24:53 PDT" name="Default suite" finished-at="2022-10-20T10:25:18 PDT" duration-ms="25695">
    <groups>
    </groups>
    <test started-at="2022-10-20T10:24:53 PDT" name="Default test" finished-at="2022-10-20T10:25:18 PDT" duration-ms="25695">
      <class name="phptravelscases.testregesteration">
        <test-method is-config="true" signature="setup()[pri:0, instance:phptravelscases.testregesteration@1afd44cb]" started-at="2022-10-20T10:24:53 PDT" name="setup" finished-at="2022-10-20T10:25:15 PDT" duration-ms="22582" status="PASS">
          <reporter-output>
          </reporter-output>
        </test-method> <!-- setup -->
        <test-method signature="fill()[pri:0, instance:phptravelscases.testregesteration@1afd44cb]" started-at="2022-10-20T10:25:15 PDT" name="fill" finished-at="2022-10-20T10:25:16 PDT" duration-ms="624" status="PASS">
          <reporter-output>
          </reporter-output>
        </test-method> <!-- fill -->
        <test-method is-config="true" signature="closedriver()[pri:0, instance:phptravelscases.testregesteration@1afd44cb]" started-at="2022-10-20T10:25:16 PDT" name="closedriver" finished-at="2022-10-20T10:25:18 PDT" duration-ms="2401" status="PASS">
          <reporter-output>
          </reporter-output>
        </test-method> <!-- closedriver -->
      </class> <!-- phptravelscases.testregesteration -->
    </test> <!-- Default test -->
  </suite> <!-- Default suite -->
</testng-results>
